<?xml version="1.0" encoding="UTF-8"?>
<!-- Generated by org.testng.reporters.JUnitReportReporter -->
<testsuite hostname="LAPTOP-JH6L6V8L" failures="0" tests="1" name="Signup.Test.CreateUserAndUpdateUsernameTest" time="8.193" errors="0" timestamp="2023-06-02T14:35:54 IST" skipped="0">
  <testcase classname="Signup.Test.CreateUserAndUpdateUsernameTest" name="createUserAndUpdateUsernameTest" time="8.193"/>
  <system-out>
    <![CDATA[Account created successfully
Username updated successfully
Logout Successfull]]>
  </system-out>
</testsuite> <!-- Signup.Test.CreateUserAndUpdateUsernameTest -->
